================================================================================
ATHENA VIEW DEPLOYMENT
================================================================================
Database: fhir_prd_db
Views to deploy: 21


================================================================================
Deploying: v_oid_reference.sql
================================================================================
Query ID: f88b1a21-9bcc-4a0b-a788-2bd4ff427fa8
✅ SUCCESS: v_oid_reference.sql

================================================================================
Deploying: v_patient_demographics.sql
================================================================================
Query ID: 21eadbbb-a205-4e72-bee7-85ba58c521d3
✅ SUCCESS: v_patient_demographics.sql

================================================================================
Deploying: v_encounters.sql
================================================================================
Query ID: 9876778a-7fa5-402d-b8b0-38f597e9effe
✅ SUCCESS: v_encounters.sql

================================================================================
Deploying: v_diagnoses.sql
================================================================================
Query ID: a0ec9663-a8df-4031-94fc-e145eb9f0a80
✅ SUCCESS: v_diagnoses.sql

================================================================================
Deploying: v_problem_list_diagnoses.sql
================================================================================
Query ID: 3e8a40da-2791-4dfb-aece-b216dd1d510c
✅ SUCCESS: v_problem_list_diagnoses.sql

================================================================================
Deploying: v_binary_files.sql
================================================================================
Query ID: c65542f4-63c3-48c1-8a1f-9d9040d4b4dd
✅ SUCCESS: v_binary_files.sql

================================================================================
Deploying: v2_procedure_specimen_link.sql
================================================================================
Query ID: ac1dea5c-c341-4a22-8f8f-72b863d2772f
✅ SUCCESS: v2_procedure_specimen_link.sql

================================================================================
Deploying: v2_procedures_tumor.sql
================================================================================
Query ID: e4400df4-e5eb-4925-967b-8f2be9fa8498
✅ SUCCESS: v2_procedures_tumor.sql

================================================================================
Deploying: v2_document_reference_enriched.sql
================================================================================
Query ID: 70bb4e70-a863-4de3-982a-6caf9f7f8740
✅ SUCCESS: v2_document_reference_enriched.sql

================================================================================
Deploying: v2_imaging.sql
================================================================================
Query ID: 06318a80-0f63-4a6d-9339-8983a633d712
✅ SUCCESS: v2_imaging.sql

================================================================================
Deploying: v_medications.sql
================================================================================
Query ID: a3c929c6-db49-4daa-91de-7d61bfabb5c6
✅ SUCCESS: v_medications.sql

================================================================================
Deploying: v_chemo_medications.sql
================================================================================
Query ID: ea890da5-6ba2-4838-92a2-e09afb2a6be7
✅ SUCCESS: v_chemo_medications.sql

================================================================================
Deploying: v_chemo_treatment_episodes.sql
================================================================================
Query ID: 92143eab-61b6-4ef6-a4a4-b3b5c93d2480
✅ SUCCESS: v_chemo_treatment_episodes.sql

================================================================================
Deploying: v_radiation_documents.sql
================================================================================
Query ID: ec7985d1-7802-4de2-bf8f-08e9722b1f99
✅ SUCCESS: v_radiation_documents.sql

================================================================================
Deploying: v_radiation_care_plan_hierarchy.sql
================================================================================
Query ID: cfa2c324-6dd4-4fbb-abc4-49d7a9034cfd
✅ SUCCESS: v_radiation_care_plan_hierarchy.sql

================================================================================
Deploying: v2_radiation_treatment_episodes.sql
================================================================================
Query ID: 4b966a5f-d8af-4386-8dd7-e7e73c068fe1
✅ SUCCESS: v2_radiation_treatment_episodes.sql

================================================================================
Deploying: v2_radiation_episode_enrichment.sql
================================================================================
Query ID: 9b23a4b4-5e46-4188-8ff3-e78fe4946fcd
✅ SUCCESS: v2_radiation_episode_enrichment.sql

================================================================================
Deploying: v_molecular_tests.sql
================================================================================
Query ID: 646a28e7-80eb-4a09-b7f3-584898ed58c0
✅ SUCCESS: v_molecular_tests.sql

================================================================================
Deploying: v_pathology_diagnostics.sql
================================================================================
Query ID: c0387157-899b-462a-b275-e67149b50546
✅ SUCCESS: v_pathology_diagnostics.sql

================================================================================
Deploying: v2_appointments.sql
================================================================================
Query ID: 77e51ed7-3400-4ce5-aaa0-9e4f4c440629
✅ SUCCESS: v2_appointments.sql

================================================================================
Deploying: v_visits_unified.sql
================================================================================
Query ID: f6002350-0791-40ff-8b91-88ac3d36a2ea
✅ SUCCESS: v_visits_unified.sql

================================================================================
DEPLOYMENT SUMMARY
================================================================================
✅ Successful: 21
❌ Failed: 0
⚠️  Skipped: 0

✅ All views deployed successfully!
