================================================================================
ATHENA VIEW DEPLOYMENT
================================================================================
Database: fhir_prd_db
Views to deploy: 26


================================================================================
Deploying: v_oid_reference.sql
================================================================================
Query ID: 8da3b6d0-24b9-436b-b566-5088a4e2e9fb
✅ SUCCESS: v_oid_reference.sql

================================================================================
Deploying: v_patient_demographics.sql
================================================================================
Query ID: 3dc22afc-0633-47bb-9356-6992daa93dea
✅ SUCCESS: v_patient_demographics.sql

================================================================================
Deploying: v_encounters.sql
================================================================================
Query ID: e00501c6-1790-4918-a879-947f7cb22c0d
✅ SUCCESS: v_encounters.sql

================================================================================
Deploying: v_diagnoses.sql
================================================================================
Query ID: b8858a37-b76e-4a7a-8c0e-78a1cc2a8db8
❌ FAILED: v_diagnoses.sql
   Reason: line 9:5: Unexpected parameters (timestamp(3), varchar(17)) for function date_parse. Expected: date_parse(varchar(x), varchar(y))

================================================================================
Deploying: v_problem_list_diagnoses.sql
================================================================================
Query ID: 521ab94b-cfe2-4145-bfdc-3c97f7deb337
✅ SUCCESS: v_problem_list_diagnoses.sql

================================================================================
Deploying: v_binary_files.sql
================================================================================
Query ID: 3c8c21eb-0232-4f2a-b0ba-3fa986bc4745
✅ SUCCESS: v_binary_files.sql

================================================================================
Deploying: v2_procedure_specimen_link.sql
================================================================================
Query ID: e205a1b8-6daf-4cb3-99d4-faebe5e416b8
✅ SUCCESS: v2_procedure_specimen_link.sql

================================================================================
Deploying: v_procedures_tumor.sql
================================================================================
Query ID: da4cf46e-2475-4cfb-866c-95a95d3808be
✅ SUCCESS: v_procedures_tumor.sql

================================================================================
Deploying: v2_procedures_tumor.sql
================================================================================
Query ID: 725fbb45-047a-4cd4-a147-cd0e1b6a241a
✅ SUCCESS: v2_procedures_tumor.sql

================================================================================
Deploying: v2_document_reference_enriched.sql
================================================================================
Query ID: 2e669a08-203c-4cd0-91d5-5537facb1271
✅ SUCCESS: v2_document_reference_enriched.sql

================================================================================
Deploying: v_imaging.sql
================================================================================
Query ID: 1dcb0a5e-136c-4638-be0a-6af58b561ac9
✅ SUCCESS: v_imaging.sql

================================================================================
Deploying: v2_imaging.sql
================================================================================
Query ID: 9a653924-d440-4004-ad72-fe7b9b1788f6
✅ SUCCESS: v2_imaging.sql

================================================================================
Deploying: v_medications.sql
================================================================================
❌ ERROR: v_medications.sql
   Exception: An error occurred (InvalidRequestException) when calling the StartQueryExecution operation: Only one sql statement is allowed. Got: CREATE OR REPLACE VIEW fhir_prd_db.v_medications AS
WITH
-- ================================================================================
-- Step 0: Get timing bounds from dosage instruction sub-schema
-- ADDED: This CTE provides 100% date coverage (vs 16% from authored_on alone)
-- ================================================================================
medication_timing_bounds AS (
    SELECT
        medication_request_id,
        MIN(dosage_instruction_timing_repeat_bounds_period_start) as earliest_bounds_start,
        MAX(dosage_instruction_timing_repeat_bounds_period_end) as latest_bounds_end
    FROM fhir_prd_db.medication_request_dosage_instruction
    WHERE dosage_instruction_timing_repeat_bounds_period_start IS NOT NULL
       OR dosage_instruction_timing_repeat_bounds_period_end IS NOT NULL
    GROUP BY medication_request_id
),
medication_notes AS (
    SELECT
        medication_request_id,
        LISTAGG(note_text, ' | ') WITHIN GROUP (ORDER BY note_text) as note_text_aggregated
    FROM fhir_prd_db.medication_request_note
    GROUP BY medication_request_id
),
medication_reasons AS (
    SELECT
        medication_request_id,
        LISTAGG(reason_code_text, ' | ') WITHIN GROUP (ORDER BY reason_code_text) as reason_code_text_aggregated
    FROM fhir_prd_db.medication_request_reason_code
    GROUP BY medication_request_id
),
medication_forms AS (
    SELECT
        medication_id,
        LISTAGG(DISTINCT form_coding_code, ' | ') WITHIN GROUP (ORDER BY form_coding_code) as form_coding_codes,
        LISTAGG(DISTINCT form_coding_display, ' | ') WITHIN GROUP (ORDER BY form_coding_display) as form_coding_displays
    FROM fhir_prd_db.medication_form_coding
    GROUP BY medication_id
),
medication_ingredients AS (
    SELECT
        medication_id,
        LISTAGG(DISTINCT CAST(ingredient_strength_numerator_value AS VARCHAR) || ' ' || ingredient_strength_numerator_unit, ' | ')
            WITHIN GROUP (ORDER BY CAST(ingredient_strength_numerator_value AS VARCHAR) || ' ' || ingredient_strength_numerator_unit) as ingredient_strengths
    FROM fhir_prd_db.medication_ingredient
    WHERE ingredient_strength_numerator_value IS NOT NULL
    GROUP BY medication_id
),
medication_dosage_instructions AS (
    SELECT
        medication_request_id,
        -- Route information (CRITICAL for chemotherapy analysis)
        LISTAGG(DISTINCT dosage_instruction_route_text, ' | ') WITHIN GROUP (ORDER BY dosage_instruction_route_text) as route_text_aggregated,
        -- Method (e.g., IV push, IV drip)
        LISTAGG(DISTINCT dosage_instruction_method_text, ' | ') WITHIN GROUP (ORDER BY dosage_instruction_method_text) as method_text_aggregated,
        -- Full dosage instruction text
        LISTAGG(dosage_instruction_text, ' | ') WITHIN GROUP (ORDER BY dosage_instruction_sequence) as dosage_text_aggregated,
        -- Site (e.g., port, peripheral line)
        LISTAGG(DISTINCT dosage_instruction_site_text, ' | ') WITHIN GROUP (ORDER BY dosage_instruction_site_text) as site_text_aggregated,
        -- Patient instructions
        LISTAGG(DISTINCT dosage_instruction_patient_instruction, ' | ') WITHIN GROUP (ORDER BY dosage_instruction_patient_instruction) as patient_instruction_aggregated,
        -- Timing information
        LISTAGG(DISTINCT dosage_instruction_timing_code_text, ' | ') WITHIN GROUP (ORDER BY dosage_instruction_timing_code_text) as timing_code_aggregated
    FROM fhir_prd_db.medication_request_dosage_instruction
    GROUP BY medication_request_id
),
care_plan_categories AS (
    SELECT
        care_plan_id,
        LISTAGG(DISTINCT category_text, ' | ') WITHIN GROUP (ORDER BY category_text) as categories_aggregated
    FROM fhir_prd_db.care_plan_category
    GROUP BY care_plan_id
),
care_plan_conditions AS (
    SELECT
        care_plan_id,
        LISTAGG(DISTINCT addresses_display, ' | ') WITHIN GROUP (ORDER BY addresses_display) as addresses_aggregated
    FROM fhir_prd_db.care_plan_addresses
    GROUP BY care_plan_id
),
medication_based_on AS (
    -- Aggregate multiple care plans per medication to prevent JOIN explosion
    SELECT
        medication_request_id,
        LISTAGG(DISTINCT based_on_reference, ' | ') WITHIN GROUP (ORDER BY based_on_reference) AS based_on_references,
        LISTAGG(DISTINCT based_on_display, ' | ') WITHIN GROUP (ORDER BY based_on_display) AS based_on_displays,
        -- Use MAX to get CarePlan ID that matches care_plan.id (IDs starting with 'f' vs 'e')
        -- Testing showed MIN() selects IDs starting with 'e' which don't exist in care_plan table,
        -- while MAX() selects IDs starting with 'f' which DO exist (4,517 matches)
        MAX(based_on_reference) AS primary_care_plan_id
    FROM fhir_prd_db.medication_request_based_on
    GROUP BY medication_request_id
),
care_plan_activity_agg AS (
    -- Aggregate multiple activities per care plan to prevent JOIN explosion
    SELECT
        care_plan_id,
        LISTAGG(DISTINCT activity_detail_status, ' | ')
            WITHIN GROUP (ORDER BY activity_detail_status) AS activity_detail_statuses,
        LISTAGG(DISTINCT activity_detail_description, ' | ')
            WITHIN GROUP (ORDER BY activity_detail_description) AS activity_detail_descriptions
    FROM fhir_prd_db.care_plan_activity
    GROUP BY care_plan_id
)
SELECT
    -- Patient info
    pm.patient_id as patient_fhir_id,

    -- Patient_medications view fields (no prefix for backward compatibility)
    pm.medication_request_id,
    pm.medication_id,
    pm.medication_name,
    pm.form_text as medication_form,
    pm.rx_norm_codes,
    -- FIXED: Use timing_bounds with fallback to authored_on (improves coverage from 16% to ~100%)
    TRY(CAST(COALESCE(mtb.earliest_bounds_start, pm.authored_on) AS TIMESTAMP(3))) as medication_start_date,
    -- ADDED: medication_stop_date using same timing_bounds logic for consistency
    TRY(CAST(COALESCE(mtb.latest_bounds_end, mr.dispense_request_validity_period_end) AS TIMESTAMP(3))) as medication_stop_date,
    pm.requester_name,
    pm.status as medication_status,
    pm.encounter_display,

    -- ============================================================================
    -- ADDED 2025-10-28: Episode linkage fields for treatment episode construction
    -- ============================================================================
    -- Encounter reference (90.4% coverage - CRITICAL for episodes)
    mr.encounter_reference as mr_encounter_reference,

    -- Treatment cycle grouping (1.2% coverage - useful when populated)
    mr.group_identifier_value as mr_group_identifier_value,
    mr.group_identifier_system as mr_group_identifier_system,

    -- Medication_request fields (mr_ prefix) - matched to working Python script
    TRY(CAST(mr.dispense_request_validity_period_start AS TIMESTAMP(3))) as mr_validity_period_start,
    TRY(CAST(mr.dispense_request_validity_period_end AS TIMESTAMP(3))) as mr_validity_period_end,
    TRY(CAST(mr.authored_on AS TIMESTAMP(3))) as mr_authored_on,
    mr.status as mr_status,
    mr.status_reason_text as mr_status_reason_text,
    mr.priority as mr_priority,
    mr.intent as mr_intent,
    mr.do_not_perform as mr_do_not_perform,
    mr.course_of_therapy_type_text as mr_course_of_therapy_type_text,
    mr.dispense_request_initial_fill_duration_value as mr_dispense_initial_fill_duration_value,
    mr.dispense_request_initial_fill_duration_unit as mr_dispense_initial_fill_duration_unit,
    mr.dispense_request_expected_supply_duration_value as mr_dispense_expected_supply_duration_value,
    mr.dispense_request_expected_supply_duration_unit as mr_dispense_expected_supply_duration_unit,
    mr.dispense_request_number_of_repeats_allowed as mr_dispense_number_of_repeats_allowed,
    mr.substitution_allowed_boolean as mr_substitution_allowed_boolean,
    mr.substitution_reason_text as mr_substitution_reason_text,
    mr.prior_prescription_display as mr_prior_prescription_display,

    -- Aggregated notes (mrn_ prefix)
    mrn.note_text_aggregated as mrn_note_text_aggregated,

    -- Aggregated reason codes (mrr_ prefix)
    mrr.reason_code_text_aggregated as mrr_reason_code_text_aggregated,

    -- Based-on references (mrb_ prefix - care plan linkage) - AGGREGATED
    mrb.based_on_references as mrb_care_plan_references,
    mrb.based_on_displays as mrb_care_plan_displays,
    mrb.primary_care_plan_id as mrb_primary_care_plan_id,

    -- Dosage instruction fields (mrdi_ prefix) - CRITICAL FOR ROUTE ANALYSIS
    mrdi.route_text_aggregated as mrdi_route_text,
    mrdi.method_text_aggregated as mrdi_method_text,
    mrdi.dosage_text_aggregated as mrdi_dosage_text,
    mrdi.site_text_aggregated as mrdi_site_text,
    mrdi.patient_instruction_aggregated as mrdi_patient_instruction,
    mrdi.timing_code_aggregated as mrdi_timing_code,

    -- Form coding (mf_ prefix)
    mf.form_coding_codes as mf_form_coding_codes,
    mf.form_coding_displays as mf_form_coding_displays,

    -- Ingredients (mi_ prefix)
    mi.ingredient_strengths as mi_ingredient_strengths,

    -- Care plan info (cp_ prefix) - linked via based_on
    cp.id as cp_id,
    cp.title as cp_title,
    cp.status as cp_status,
    cp.intent as cp_intent,
    TRY(date_parse(cp.created, '%Y-%m-%d %H:%i:%s')) as cp_created,
    TRY(date_parse(cp.period_start, '%Y-%m-%d %H:%i:%s')) as cp_period_start,
    TRY(date_parse(cp.period_end, '%Y-%m-%d %H:%i:%s')) as cp_period_end,
    cp.author_display as cp_author_display,

    -- Care plan categories (cpc_ prefix)
    cpc.categories_aggregated as cpc_categories_aggregated,

    -- Care plan conditions (cpcon_ prefix)
    cpcon.addresses_aggregated as cpcon_addresses_aggregated,

    -- Care plan activity (cpa_ prefix) - AGGREGATED
    cpa.activity_detail_statuses as cpa_activity_detail_statuses,
    cpa.activity_detail_descriptions as cpa_activity_detail_descriptions

FROM fhir_prd_db.patient_medications pm
LEFT JOIN fhir_prd_db.medication_request mr ON pm.medication_request_id = mr.id
LEFT JOIN medication_timing_bounds mtb ON mr.id = mtb.medication_request_id  -- ADDED: Provides 100% date coverage
LEFT JOIN medication_notes mrn ON mr.id = mrn.medication_request_id
LEFT JOIN medication_reasons mrr ON mr.id = mrr.medication_request_id
LEFT JOIN medication_based_on mrb ON mr.id = mrb.medication_request_id  -- AGGREGATED CTE
LEFT JOIN medication_dosage_instructions mrdi ON mr.id = mrdi.medication_request_id
LEFT JOIN medication_forms mf ON pm.medication_id = mf.medication_id
LEFT JOIN medication_ingredients mi ON pm.medication_id = mi.medication_id
LEFT JOIN fhir_prd_db.care_plan cp ON mrb.primary_care_plan_id = cp.id  -- Use primary_care_plan_id
LEFT JOIN care_plan_categories cpc ON cp.id = cpc.care_plan_id
LEFT JOIN care_plan_conditions cpcon ON cp.id = cpcon.care_plan_id
LEFT JOIN care_plan_activity_agg cpa ON cp.id = cpa.care_plan_id  -- AGGREGATED CTE
WHERE pm.patient_id IS NOT NULL
ORDER BY pm.patient_id, pm.authored_on;

-- ================================================================================
-- VIEW: v_procedures_tumor
-- DATETIME STANDARDIZATION: 6 columns converted from VARCHAR
-- CHANGES:
--   - proc_performed_age_unit: VARCHAR → TIMESTAMP(3)
--   - proc_performed_age_value: VARCHAR → TIMESTAMP(3)
--   - proc_performed_date_time: VARCHAR → TIMESTAMP(3)
--   - proc_performed_period_end: VARCHAR → TIMESTAMP(3)
--   - proc_performed_period_start: VARCHAR → TIMESTAMP(3)
--   - proc_performed_string: VARCHAR → TIMESTAMP(3)
-- PRESERVED: All JOINs, WHERE clauses, aggregations, and business logic
-- ================================================================================


-- ================================================================================
-- v_chemo_medications: Comprehensive Chemotherapy Medication View
-- ================================================================================
-- Purpose: Identifies ALL chemotherapy medications from FHIR medication_request
--          data using the comprehensive RADIANT unified chemotherapy reference.
--
-- Key Features:
--   1. Four-tier matching strategy:
--      a) RxNorm matching (ingredient + product codes) - ~10% of chemo drugs
--      b) Name-based matching (specific drug patterns) - ~90% of chemo drugs
--      c) Investigational drug extraction (from notes) - clinical trial drugs
--      d) Generic investigational fallback - remaining trial drugs
--   2. Uses improved medication timing bounds for ~89% date coverage
--   3. Includes all medication fields from v_medications
--   4. Adds chemotherapy-specific fields (drug_id, approval_status, etc.)
--
-- Data Sources:
--   - fhir_prd_db.medication_request (FHIR medication orders)
--   - fhir_prd_db.medication (medication details)
--   - fhir_prd_db.medication_code_coding (RxNorm codes)
--   - fhir_prd_db.medication_request_note (investigational drug names)
--   - fhir_prd_db.v_chemotherapy_drugs (839 chemotherapy ingredient codes)
--   - fhir_prd_db.v_chemotherapy_rxnorm_codes (2,804 product→ingredient mappings)
--
-- Usage:
--   SELECT * FROM fhir_prd_db.v_chemo_medications
--   WHERE patient_fhir_id = 'Patient/123'
--     AND medication_start_date >= DATE '2020-01-01'
--   ORDER BY medication_start_date;
--
-- History:
--   2025-01-XX: Initial creation using comprehensive chemotherapy reference
--   2025-10-25: Added name-based fallback matching (fixes 90% data loss issue)
--   2025-10-25: Added investigational drug name extraction from notes
-- ================================================================================

-- ================================================================================
-- v_chemo_medications: Comprehensive Chemotherapy Medication View
-- ================================================================================
-- Purpose: Identifies ALL chemotherapy medications from FHIR medication_request
--          data using the comprehensive RADIANT unified chemotherapy reference.
--
-- Key Features:
--   1. Four-tier matching strategy:
--      a) RxNorm matching (ingredient + product codes) - ~10% of chemo drugs
--      b) Name-based matching (specific drug patterns) - ~90% of chemo drugs
--      c) Investigational drug extraction (from notes) - clinical trial drugs
--      d) Generic investigational fallback - remaining trial drugs
--   2. Uses improved medication timing bounds for ~89% date coverage
--   3. Includes all medication fields from v_medications
--   4. Adds chemotherapy-specific fields (drug_id, approval_status, etc.)
--
-- Data Sources:
--   - fhir_prd_db.medication_request (FHIR medication orders)
--   - fhir_prd_db.medication (medication details)
--   - fhir_prd_db.medication_code_coding (RxNorm codes)
--   - fhir_prd_db.medication_request_note (investigational drug names)
--   - fhir_prd_db.v_chemotherapy_drugs (839 chemotherapy ingredient codes)
--   - fhir_prd_db.v_chemotherapy_rxnorm_codes (2,804 product→ingredient mappings)
--
-- Usage:
--   SELECT * FROM fhir_prd_db.v_chemo_medications
--   WHERE patient_fhir_id = 'Patient/123'
--     AND medication_start_date >= DATE '2020-01-01'
--   ORDER BY medication_start_date;

================================================================================
Deploying: v_chemo_medications.sql
================================================================================
Query ID: ca3a9f58-789f-46ac-9e11-e43f60d263e5
✅ SUCCESS: v_chemo_medications.sql

================================================================================
Deploying: v_chemo_treatment_episodes.sql
================================================================================
Query ID: cde8943c-dc09-49ef-a2f1-c9aa10691443
✅ SUCCESS: v_chemo_treatment_episodes.sql

================================================================================
Deploying: v_radiation_documents.sql
================================================================================
Query ID: e7bdc4c2-8dd8-4269-88fe-6bdf805b362a
✅ SUCCESS: v_radiation_documents.sql

================================================================================
Deploying: v_radiation_care_plan_hierarchy.sql
================================================================================
Query ID: fedbf893-3841-4539-a31d-eb648a85609a
✅ SUCCESS: v_radiation_care_plan_hierarchy.sql

================================================================================
Deploying: v_radiation_treatment_episodes.sql
================================================================================
Query ID: a8b43302-5004-46b3-86c6-9645b63535d2
❌ FAILED: v_radiation_treatment_episodes.sql
   Reason: line 164:54: Unexpected parameters (timestamp(3), varchar(8)) for function date_parse. Expected: date_parse(varchar(x), varchar(y))

================================================================================
Deploying: v2_radiation_treatment_episodes.sql
================================================================================
Query ID: 65228650-6374-4c7f-87c9-67bee1e19492
✅ SUCCESS: v2_radiation_treatment_episodes.sql

================================================================================
Deploying: v_radiation_episode_enrichment.sql
================================================================================
Query ID: ac874734-0faf-447e-a558-f44899e053e6
✅ SUCCESS: v_radiation_episode_enrichment.sql

================================================================================
Deploying: v2_radiation_episode_enrichment.sql
================================================================================
Query ID: f4000e18-ad80-43c2-8104-b3e2a38511df
✅ SUCCESS: v2_radiation_episode_enrichment.sql

================================================================================
Deploying: v_molecular_tests.sql
================================================================================
Query ID: 5e3d82a2-7c02-4afe-aa92-69c650de0810
✅ SUCCESS: v_molecular_tests.sql

================================================================================
Deploying: v_pathology_diagnostics.sql
================================================================================
Query ID: f5296756-3edf-4d7a-b389-9bbe9904130d
✅ SUCCESS: v_pathology_diagnostics.sql

================================================================================
Deploying: v_appointments.sql
================================================================================
Query ID: a94a41e9-73ef-49c4-8248-80fb74fa074b
✅ SUCCESS: v_appointments.sql

================================================================================
Deploying: v2_appointments.sql
================================================================================
Query ID: 0141279a-f0a5-4b11-b082-74061ce5625a
✅ SUCCESS: v2_appointments.sql

================================================================================
Deploying: v_visits_unified.sql
================================================================================
Query ID: 46d29193-2bba-49ce-a9f8-0eb6f6e7c400
✅ SUCCESS: v_visits_unified.sql

================================================================================
DEPLOYMENT SUMMARY
================================================================================
✅ Successful: 23
❌ Failed: 3
⚠️  Skipped: 0

Failed views:
  - v_diagnoses.sql
  - v_medications.sql
  - v_radiation_treatment_episodes.sql
